c:\users\raghavendra.hosad\documents\personals\mfc_proj_study\offlinelicensemgmnttool\offlinelicensemgmnttool\debug\offlinelicensemgmnttool.pch
c:\users\raghavendra.hosad\documents\personals\mfc_proj_study\offlinelicensemgmnttool\offlinelicensemgmnttool\debug\vc142.pdb
c:\users\raghavendra.hosad\documents\personals\mfc_proj_study\offlinelicensemgmnttool\offlinelicensemgmnttool\debug\vc142.idb
c:\users\raghavendra.hosad\documents\personals\mfc_proj_study\offlinelicensemgmnttool\offlinelicensemgmnttool\debug\pch.obj
c:\users\raghavendra.hosad\documents\personals\mfc_proj_study\offlinelicensemgmnttool\offlinelicensemgmnttool\debug\source.obj
c:\users\raghavendra.hosad\documents\personals\mfc_proj_study\offlinelicensemgmnttool\offlinelicensemgmnttool\debug\offlinelicensemgmnttooldlg.obj
c:\users\raghavendra.hosad\documents\personals\mfc_proj_study\offlinelicensemgmnttool\offlinelicensemgmnttool\debug\offlinelicensemgmnttool.obj
c:\users\raghavendra.hosad\documents\personals\mfc_proj_study\offlinelicensemgmnttool\debug\offlinelicensemgmnttool.exe
c:\users\raghavendra.hosad\documents\personals\mfc_proj_study\offlinelicensemgmnttool\debug\offlinelicensemgmnttool.ilk
c:\users\raghavendra.hosad\documents\personals\mfc_proj_study\offlinelicensemgmnttool\debug\offlinelicensemgmnttool.pdb
c:\users\raghavendra.hosad\documents\personals\mfc_proj_study\offlinelicensemgmnttool\offlinelicensemgmnttool\debug\offlinelicensemgmnttool.res
c:\users\raghavendra.hosad\documents\personals\mfc_proj_study\offlinelicensemgmnttool\offlinelicensemgmnttool\debug\offlinel.4f997e36.tlog\cl.command.1.tlog
c:\users\raghavendra.hosad\documents\personals\mfc_proj_study\offlinelicensemgmnttool\offlinelicensemgmnttool\debug\offlinel.4f997e36.tlog\cl.read.1.tlog
c:\users\raghavendra.hosad\documents\personals\mfc_proj_study\offlinelicensemgmnttool\offlinelicensemgmnttool\debug\offlinel.4f997e36.tlog\cl.write.1.tlog
c:\users\raghavendra.hosad\documents\personals\mfc_proj_study\offlinelicensemgmnttool\offlinelicensemgmnttool\debug\offlinel.4f997e36.tlog\link.command.1.tlog
c:\users\raghavendra.hosad\documents\personals\mfc_proj_study\offlinelicensemgmnttool\offlinelicensemgmnttool\debug\offlinel.4f997e36.tlog\link.read.1.tlog
c:\users\raghavendra.hosad\documents\personals\mfc_proj_study\offlinelicensemgmnttool\offlinelicensemgmnttool\debug\offlinel.4f997e36.tlog\link.write.1.tlog
c:\users\raghavendra.hosad\documents\personals\mfc_proj_study\offlinelicensemgmnttool\offlinelicensemgmnttool\debug\offlinel.4f997e36.tlog\rc.command.1.tlog
c:\users\raghavendra.hosad\documents\personals\mfc_proj_study\offlinelicensemgmnttool\offlinelicensemgmnttool\debug\offlinel.4f997e36.tlog\rc.read.1.tlog
c:\users\raghavendra.hosad\documents\personals\mfc_proj_study\offlinelicensemgmnttool\offlinelicensemgmnttool\debug\offlinel.4f997e36.tlog\rc.write.1.tlog
